D:\Soumil479\DNNs_On_FPGA\hardware_lenet\CustomDNN\solution1\.autopilot\db\conv2d_layer1.pp.0.cpp:1321:7: warning: Added loop label VITIS_LOOP_1211_1:   [xilinx-label-all-loops]
      for (i = 0; i < __N - 1; ++i) {
      ^~~
      VITIS_LOOP_1211_1: 
D:\Soumil479\DNNs_On_FPGA\hardware_lenet\CustomDNN\solution1\.autopilot\db\conv2d_layer1.pp.0.cpp:1321:7: note: FIX-IT applied suggested code changes
D:\Soumil479\DNNs_On_FPGA\hardware_lenet\CustomDNN\solution1\.autopilot\db\conv2d_layer1.pp.0.cpp:2295:5: warning: Added loop label VITIS_LOOP_676_1:   [xilinx-label-all-loops]
    for (unsigned i = low; i != high; ++i) {
    ^~~
    VITIS_LOOP_676_1: 
D:\Soumil479\DNNs_On_FPGA\hardware_lenet\CustomDNN\solution1\.autopilot\db\conv2d_layer1.pp.0.cpp:2295:5: note: FIX-IT applied suggested code changes
D:\Soumil479\DNNs_On_FPGA\hardware_lenet\CustomDNN\solution1\.autopilot\db\conv2d_layer1.pp.0.cpp:2309:5: warning: Added loop label VITIS_LOOP_690_1:   [xilinx-label-all-loops]
    for (unsigned i = low; i != high; ++i) {
    ^~~
    VITIS_LOOP_690_1: 
D:\Soumil479\DNNs_On_FPGA\hardware_lenet\CustomDNN\solution1\.autopilot\db\conv2d_layer1.pp.0.cpp:2309:5: note: FIX-IT applied suggested code changes
D:\Soumil479\DNNs_On_FPGA\hardware_lenet\CustomDNN\solution1\.autopilot\db\conv2d_layer1.pp.0.cpp:2323:5: warning: Added loop label VITIS_LOOP_704_1:   [xilinx-label-all-loops]
    for (unsigned i = low; i != high; ++i) {
    ^~~
    VITIS_LOOP_704_1: 
D:\Soumil479\DNNs_On_FPGA\hardware_lenet\CustomDNN\solution1\.autopilot\db\conv2d_layer1.pp.0.cpp:2323:5: note: FIX-IT applied suggested code changes
D:\Soumil479\DNNs_On_FPGA\hardware_lenet\CustomDNN\solution1\.autopilot\db\conv2d_layer1.pp.0.cpp:3934:7: warning: Added loop label VITIS_LOOP_1245_1:   [xilinx-label-all-loops]
      for (i = 0; i < __N - 1; ++i) {
      ^~~
      VITIS_LOOP_1245_1: 
D:\Soumil479\DNNs_On_FPGA\hardware_lenet\CustomDNN\solution1\.autopilot\db\conv2d_layer1.pp.0.cpp:3934:7: note: FIX-IT applied suggested code changes
D:\Soumil479\DNNs_On_FPGA\hardware_lenet\CustomDNN\solution1\.autopilot\db\conv2d_layer1.pp.0.cpp:12675:72: error: Invalid Directive: for current device, ROM_1P + LUTRAM is invalid combination for BIND_STORAGE's option 'type + impl' [clang-diagnostic-error]
#pragma HLS BIND_STORAGE variable=fourth_order_double::sin_cos_K0 type=ROM_1P impl=LUTRAM
                                                                       ^
D:\Soumil479\DNNs_On_FPGA\hardware_lenet\CustomDNN\solution1\.autopilot\db\conv2d_layer1.pp.0.cpp:12676:72: error: Invalid Directive: for current device, ROM_1P + LUTRAM is invalid combination for BIND_STORAGE's option 'type + impl' [clang-diagnostic-error]
#pragma HLS BIND_STORAGE variable=fourth_order_double::sin_cos_K1 type=ROM_1P impl=LUTRAM
                                                                       ^
D:\Soumil479\DNNs_On_FPGA\hardware_lenet\CustomDNN\solution1\.autopilot\db\conv2d_layer1.pp.0.cpp:12677:72: error: Invalid Directive: for current device, ROM_1P + LUTRAM is invalid combination for BIND_STORAGE's option 'type + impl' [clang-diagnostic-error]
#pragma HLS BIND_STORAGE variable=fourth_order_double::sin_cos_K2 type=ROM_1P impl=LUTRAM
                                                                       ^
D:\Soumil479\DNNs_On_FPGA\hardware_lenet\CustomDNN\solution1\.autopilot\db\conv2d_layer1.pp.0.cpp:12678:72: error: Invalid Directive: for current device, ROM_1P + LUTRAM is invalid combination for BIND_STORAGE's option 'type + impl' [clang-diagnostic-error]
#pragma HLS BIND_STORAGE variable=fourth_order_double::sin_cos_K3 type=ROM_1P impl=LUTRAM
                                                                       ^
D:\Soumil479\DNNs_On_FPGA\hardware_lenet\CustomDNN\solution1\.autopilot\db\conv2d_layer1.pp.0.cpp:12679:72: error: Invalid Directive: for current device, ROM_1P + LUTRAM is invalid combination for BIND_STORAGE's option 'type + impl' [clang-diagnostic-error]
#pragma HLS BIND_STORAGE variable=fourth_order_double::sin_cos_K4 type=ROM_1P impl=LUTRAM
                                                                       ^
D:\Soumil479\DNNs_On_FPGA\hardware_lenet\CustomDNN\solution1\.autopilot\db\conv2d_layer1.pp.0.cpp:12709:68: error: Invalid Directive: for current device, ROM_1P + LUTRAM is invalid combination for BIND_STORAGE's option 'type + impl' [clang-diagnostic-error]
#pragma HLS BIND_STORAGE variable=fourth_order_double::cos_K0 type=ROM_1P impl=LUTRAM
                                                                   ^
D:\Soumil479\DNNs_On_FPGA\hardware_lenet\CustomDNN\solution1\.autopilot\db\conv2d_layer1.pp.0.cpp:12710:68: error: Invalid Directive: for current device, ROM_1P + LUTRAM is invalid combination for BIND_STORAGE's option 'type + impl' [clang-diagnostic-error]
#pragma HLS BIND_STORAGE variable=fourth_order_double::cos_K1 type=ROM_1P impl=LUTRAM
                                                                   ^
D:\Soumil479\DNNs_On_FPGA\hardware_lenet\CustomDNN\solution1\.autopilot\db\conv2d_layer1.pp.0.cpp:12711:68: error: Invalid Directive: for current device, ROM_1P + LUTRAM is invalid combination for BIND_STORAGE's option 'type + impl' [clang-diagnostic-error]
#pragma HLS BIND_STORAGE variable=fourth_order_double::cos_K2 type=ROM_1P impl=LUTRAM
                                                                   ^
D:\Soumil479\DNNs_On_FPGA\hardware_lenet\CustomDNN\solution1\.autopilot\db\conv2d_layer1.pp.0.cpp:12712:68: error: Invalid Directive: for current device, ROM_1P + LUTRAM is invalid combination for BIND_STORAGE's option 'type + impl' [clang-diagnostic-error]
#pragma HLS BIND_STORAGE variable=fourth_order_double::cos_K3 type=ROM_1P impl=LUTRAM
                                                                   ^
D:\Soumil479\DNNs_On_FPGA\hardware_lenet\CustomDNN\solution1\.autopilot\db\conv2d_layer1.pp.0.cpp:12713:68: error: Invalid Directive: for current device, ROM_1P + LUTRAM is invalid combination for BIND_STORAGE's option 'type + impl' [clang-diagnostic-error]
#pragma HLS BIND_STORAGE variable=fourth_order_double::cos_K4 type=ROM_1P impl=LUTRAM
                                                                   ^
D:\Soumil479\DNNs_On_FPGA\hardware_lenet\CustomDNN\solution1\.autopilot\db\conv2d_layer1.pp.0.cpp:12714:68: error: Invalid Directive: for current device, ROM_1P + LUTRAM is invalid combination for BIND_STORAGE's option 'type + impl' [clang-diagnostic-error]
#pragma HLS BIND_STORAGE variable=fourth_order_double::sin_K0 type=ROM_1P impl=LUTRAM
                                                                   ^
D:\Soumil479\DNNs_On_FPGA\hardware_lenet\CustomDNN\solution1\.autopilot\db\conv2d_layer1.pp.0.cpp:12715:68: error: Invalid Directive: for current device, ROM_1P + LUTRAM is invalid combination for BIND_STORAGE's option 'type + impl' [clang-diagnostic-error]
#pragma HLS BIND_STORAGE variable=fourth_order_double::sin_K1 type=ROM_1P impl=LUTRAM
                                                                   ^
D:\Soumil479\DNNs_On_FPGA\hardware_lenet\CustomDNN\solution1\.autopilot\db\conv2d_layer1.pp.0.cpp:12716:68: error: Invalid Directive: for current device, ROM_1P + LUTRAM is invalid combination for BIND_STORAGE's option 'type + impl' [clang-diagnostic-error]
#pragma HLS BIND_STORAGE variable=fourth_order_double::sin_K2 type=ROM_1P impl=LUTRAM
                                                                   ^
D:\Soumil479\DNNs_On_FPGA\hardware_lenet\CustomDNN\solution1\.autopilot\db\conv2d_layer1.pp.0.cpp:12717:68: error: Invalid Directive: for current device, ROM_1P + LUTRAM is invalid combination for BIND_STORAGE's option 'type + impl' [clang-diagnostic-error]
#pragma HLS BIND_STORAGE variable=fourth_order_double::sin_K3 type=ROM_1P impl=LUTRAM
                                                                   ^
D:\Soumil479\DNNs_On_FPGA\hardware_lenet\CustomDNN\solution1\.autopilot\db\conv2d_layer1.pp.0.cpp:12718:68: error: Invalid Directive: for current device, ROM_1P + LUTRAM is invalid combination for BIND_STORAGE's option 'type + impl' [clang-diagnostic-error]
#pragma HLS BIND_STORAGE variable=fourth_order_double::sin_K4 type=ROM_1P impl=LUTRAM
                                                                   ^
D:\Soumil479\DNNs_On_FPGA\hardware_lenet\CustomDNN\solution1\.autopilot\db\conv2d_layer1.pp.0.cpp:12768:71: error: Invalid Directive: for current device, ROM_1P + LUTRAM is invalid combination for BIND_STORAGE's option 'type + impl' [clang-diagnostic-error]
#pragma HLS BIND_STORAGE variable=second_order_float::sin_cos_K0 type=ROM_1P impl=LUTRAM
                                                                      ^
D:\Soumil479\DNNs_On_FPGA\hardware_lenet\CustomDNN\solution1\.autopilot\db\conv2d_layer1.pp.0.cpp:12769:71: error: Invalid Directive: for current device, ROM_1P + LUTRAM is invalid combination for BIND_STORAGE's option 'type + impl' [clang-diagnostic-error]
#pragma HLS BIND_STORAGE variable=second_order_float::sin_cos_K1 type=ROM_1P impl=LUTRAM
                                                                      ^
D:\Soumil479\DNNs_On_FPGA\hardware_lenet\CustomDNN\solution1\.autopilot\db\conv2d_layer1.pp.0.cpp:12770:71: error: Invalid Directive: for current device, ROM_1P + LUTRAM is invalid combination for BIND_STORAGE's option 'type + impl' [clang-diagnostic-error]
#pragma HLS BIND_STORAGE variable=second_order_float::sin_cos_K2 type=ROM_1P impl=LUTRAM
                                                                      ^
D:\Soumil479\DNNs_On_FPGA\hardware_lenet\CustomDNN\solution1\.autopilot\db\conv2d_layer1.pp.0.cpp:12797:67: error: Invalid Directive: for current device, ROM_1P + LUTRAM is invalid combination for BIND_STORAGE's option 'type + impl' [clang-diagnostic-error]
#pragma HLS BIND_STORAGE variable=second_order_float::cos_K0 type=ROM_1P impl=LUTRAM
                                                                  ^
D:\Soumil479\DNNs_On_FPGA\hardware_lenet\CustomDNN\solution1\.autopilot\db\conv2d_layer1.pp.0.cpp:12798:67: error: Invalid Directive: for current device, ROM_1P + LUTRAM is invalid combination for BIND_STORAGE's option 'type + impl' [clang-diagnostic-error]
#pragma HLS BIND_STORAGE variable=second_order_float::cos_K1 type=ROM_1P impl=LUTRAM
                                                                  ^
D:\Soumil479\DNNs_On_FPGA\hardware_lenet\CustomDNN\solution1\.autopilot\db\conv2d_layer1.pp.0.cpp:12799:67: error: Invalid Directive: for current device, ROM_1P + LUTRAM is invalid combination for BIND_STORAGE's option 'type + impl' [clang-diagnostic-error]
#pragma HLS BIND_STORAGE variable=second_order_float::cos_K2 type=ROM_1P impl=LUTRAM
                                                                  ^
D:\Soumil479\DNNs_On_FPGA\hardware_lenet\CustomDNN\solution1\.autopilot\db\conv2d_layer1.pp.0.cpp:12800:67: error: Invalid Directive: for current device, ROM_1P + LUTRAM is invalid combination for BIND_STORAGE's option 'type + impl' [clang-diagnostic-error]
#pragma HLS BIND_STORAGE variable=second_order_float::sin_K0 type=ROM_1P impl=LUTRAM
                                                                  ^
D:\Soumil479\DNNs_On_FPGA\hardware_lenet\CustomDNN\solution1\.autopilot\db\conv2d_layer1.pp.0.cpp:12801:67: error: Invalid Directive: for current device, ROM_1P + LUTRAM is invalid combination for BIND_STORAGE's option 'type + impl' [clang-diagnostic-error]
#pragma HLS BIND_STORAGE variable=second_order_float::sin_K1 type=ROM_1P impl=LUTRAM
                                                                  ^
D:\Soumil479\DNNs_On_FPGA\hardware_lenet\CustomDNN\solution1\.autopilot\db\conv2d_layer1.pp.0.cpp:12802:67: error: Invalid Directive: for current device, ROM_1P + LUTRAM is invalid combination for BIND_STORAGE's option 'type + impl' [clang-diagnostic-error]
#pragma HLS BIND_STORAGE variable=second_order_float::sin_K2 type=ROM_1P impl=LUTRAM
                                                                  ^
D:\Soumil479\DNNs_On_FPGA\hardware_lenet\CustomDNN\solution1\.autopilot\db\conv2d_layer1.pp.0.cpp:12838:73: error: Invalid Directive: for current device, ROM_1P + LUTRAM is invalid combination for BIND_STORAGE's option 'type + impl' [clang-diagnostic-error]
#pragma HLS BIND_STORAGE variable=first_order_fixed_16::sin_cos_K0 type=ROM_1P impl=LUTRAM
                                                                        ^
D:\Soumil479\DNNs_On_FPGA\hardware_lenet\CustomDNN\solution1\.autopilot\db\conv2d_layer1.pp.0.cpp:12839:73: error: Invalid Directive: for current device, ROM_1P + LUTRAM is invalid combination for BIND_STORAGE's option 'type + impl' [clang-diagnostic-error]
#pragma HLS BIND_STORAGE variable=first_order_fixed_16::sin_cos_K1 type=ROM_1P impl=LUTRAM
                                                                        ^
D:\Soumil479\DNNs_On_FPGA\hardware_lenet\CustomDNN\solution1\.autopilot\db\conv2d_layer1.pp.0.cpp:13113:5: warning: Added loop label VITIS_LOOP_87_1:   [xilinx-label-all-loops]
    for (int n=0; n<Nmax; n++){
    ^~~
    VITIS_LOOP_87_1: 
D:\Soumil479\DNNs_On_FPGA\hardware_lenet\CustomDNN\solution1\.autopilot\db\conv2d_layer1.pp.0.cpp:13113:5: note: FIX-IT applied suggested code changes
D:\Soumil479\DNNs_On_FPGA\hardware_lenet\CustomDNN\solution1\.autopilot\db\conv2d_layer1.pp.0.cpp:13159:5: warning: Added loop label VITIS_LOOP_143_1:   [xilinx-label-all-loops]
    for (int n=0; n<Nmax; n++){
    ^~~
    VITIS_LOOP_143_1: 
D:\Soumil479\DNNs_On_FPGA\hardware_lenet\CustomDNN\solution1\.autopilot\db\conv2d_layer1.pp.0.cpp:13159:5: note: FIX-IT applied suggested code changes
D:\Soumil479\DNNs_On_FPGA\hardware_lenet\CustomDNN\solution1\.autopilot\db\conv2d_layer1.pp.0.cpp:13322:9: warning: Added loop label VITIS_LOOP_315_1:   [xilinx-label-all-loops]
        for(int i=0;i<W-1;i++){
        ^~~
        VITIS_LOOP_315_1: 
D:\Soumil479\DNNs_On_FPGA\hardware_lenet\CustomDNN\solution1\.autopilot\db\conv2d_layer1.pp.0.cpp:13322:9: note: FIX-IT applied suggested code changes
D:\Soumil479\DNNs_On_FPGA\hardware_lenet\CustomDNN\solution1\.autopilot\db\conv2d_layer1.pp.0.cpp:13474:9: warning: Added loop label VITIS_LOOP_475_1:   [xilinx-label-all-loops]
        for(int i=0;i<W-1;i++){
        ^~~
        VITIS_LOOP_475_1: 
D:\Soumil479\DNNs_On_FPGA\hardware_lenet\CustomDNN\solution1\.autopilot\db\conv2d_layer1.pp.0.cpp:13474:9: note: FIX-IT applied suggested code changes
D:\Soumil479\DNNs_On_FPGA\hardware_lenet\CustomDNN\solution1\.autopilot\db\conv2d_layer1.pp.0.cpp:13654:5: warning: Added loop label VITIS_LOOP_655_1:   [xilinx-label-all-loops]
    for(int i=0;i<W+1;i++){
    ^~~
    VITIS_LOOP_655_1: 
D:\Soumil479\DNNs_On_FPGA\hardware_lenet\CustomDNN\solution1\.autopilot\db\conv2d_layer1.pp.0.cpp:13654:5: note: FIX-IT applied suggested code changes
D:\Soumil479\DNNs_On_FPGA\hardware_lenet\CustomDNN\solution1\.autopilot\db\conv2d_layer1.pp.0.cpp:13658:5: warning: Added loop label VITIS_LOOP_659_2:   [xilinx-label-all-loops]
    for(int i=0;i<W+1;i++){
    ^~~
    VITIS_LOOP_659_2: 
D:\Soumil479\DNNs_On_FPGA\hardware_lenet\CustomDNN\solution1\.autopilot\db\conv2d_layer1.pp.0.cpp:13658:5: note: FIX-IT applied suggested code changes
D:\Soumil479\DNNs_On_FPGA\hardware_lenet\CustomDNN\solution1\.autopilot\db\conv2d_layer1.pp.0.cpp:13768:5: warning: Added loop label VITIS_LOOP_769_1:   [xilinx-label-all-loops]
    for (int n=0; n<Nmax; n++){
    ^~~
    VITIS_LOOP_769_1: 
D:\Soumil479\DNNs_On_FPGA\hardware_lenet\CustomDNN\solution1\.autopilot\db\conv2d_layer1.pp.0.cpp:13768:5: note: FIX-IT applied suggested code changes
D:\Soumil479\DNNs_On_FPGA\hardware_lenet\CustomDNN\solution1\.autopilot\db\conv2d_layer1.pp.0.cpp:13858:7: warning: Added loop label VITIS_LOOP_866_1:   [xilinx-label-all-loops]
      for(int i=0;i<W-1;i++){
      ^~~
      VITIS_LOOP_866_1: 
D:\Soumil479\DNNs_On_FPGA\hardware_lenet\CustomDNN\solution1\.autopilot\db\conv2d_layer1.pp.0.cpp:13858:7: note: FIX-IT applied suggested code changes
D:\Soumil479\DNNs_On_FPGA\hardware_lenet\CustomDNN\solution1\.autopilot\db\conv2d_layer1.pp.0.cpp:13877:7: warning: Added loop label VITIS_LOOP_885_2:   [xilinx-label-all-loops]
      for(int i=0;i<W-1;i++){
      ^~~
      VITIS_LOOP_885_2: 
D:\Soumil479\DNNs_On_FPGA\hardware_lenet\CustomDNN\solution1\.autopilot\db\conv2d_layer1.pp.0.cpp:13877:7: note: FIX-IT applied suggested code changes
D:\Soumil479\DNNs_On_FPGA\hardware_lenet\CustomDNN\solution1\.autopilot\db\conv2d_layer1.pp.0.cpp:14167:5: warning: Added loop label VITIS_LOOP_1199_1:   [xilinx-label-all-loops]
    for(int i=0; i<Nmax; i++) {
    ^~~
    VITIS_LOOP_1199_1: 
D:\Soumil479\DNNs_On_FPGA\hardware_lenet\CustomDNN\solution1\.autopilot\db\conv2d_layer1.pp.0.cpp:14167:5: note: FIX-IT applied suggested code changes
D:\Soumil479\DNNs_On_FPGA\hardware_lenet\CustomDNN\solution1\.autopilot\db\conv2d_layer1.pp.0.cpp:14250:5: warning: Added loop label VITIS_LOOP_1282_1:   [xilinx-label-all-loops]
    for(int i=0; i<Nmax; i++) {
    ^~~
    VITIS_LOOP_1282_1: 
D:\Soumil479\DNNs_On_FPGA\hardware_lenet\CustomDNN\solution1\.autopilot\db\conv2d_layer1.pp.0.cpp:14250:5: note: FIX-IT applied suggested code changes
D:\Soumil479\DNNs_On_FPGA\hardware_lenet\CustomDNN\solution1\.autopilot\db\conv2d_layer1.pp.0.cpp:14656:13: warning: Added loop label VITIS_LOOP_94_1:   [xilinx-label-all-loops]
            for (int j = 3; j >= I_+1; j--) {
            ^~~
            VITIS_LOOP_94_1: 
D:\Soumil479\DNNs_On_FPGA\hardware_lenet\CustomDNN\solution1\.autopilot\db\conv2d_layer1.pp.0.cpp:14656:13: note: FIX-IT applied suggested code changes
D:\Soumil479\DNNs_On_FPGA\hardware_lenet\CustomDNN\solution1\.autopilot\db\conv2d_layer1.pp.0.cpp:14662:17: warning: Added loop label VITIS_LOOP_100_2:   [xilinx-label-all-loops]
                for (int j = 3; j >= I_+1; j--){
                ^~~
                VITIS_LOOP_100_2: 
D:\Soumil479\DNNs_On_FPGA\hardware_lenet\CustomDNN\solution1\.autopilot\db\conv2d_layer1.pp.0.cpp:14662:17: note: FIX-IT applied suggested code changes
D:\Soumil479\DNNs_On_FPGA\hardware_lenet\CustomDNN\solution1\.autopilot\db\conv2d_layer1.pp.0.cpp:14666:17: warning: Added loop label VITIS_LOOP_104_3:   [xilinx-label-all-loops]
                for (int j = I_; j >= 0; j--){
                ^~~
                VITIS_LOOP_104_3: 
D:\Soumil479\DNNs_On_FPGA\hardware_lenet\CustomDNN\solution1\.autopilot\db\conv2d_layer1.pp.0.cpp:14666:17: note: FIX-IT applied suggested code changes
D:\Soumil479\DNNs_On_FPGA\hardware_lenet\CustomDNN\solution1\.autopilot\db\conv2d_layer1.pp.0.cpp:14714:13: warning: Added loop label VITIS_LOOP_171_4:   [xilinx-label-all-loops]
            for (int j = 9; j >= I_+4; j--) {
            ^~~
            VITIS_LOOP_171_4: 
D:\Soumil479\DNNs_On_FPGA\hardware_lenet\CustomDNN\solution1\.autopilot\db\conv2d_layer1.pp.0.cpp:14714:13: note: FIX-IT applied suggested code changes
D:\Soumil479\DNNs_On_FPGA\hardware_lenet\CustomDNN\solution1\.autopilot\db\conv2d_layer1.pp.0.cpp:14720:17: warning: Added loop label VITIS_LOOP_177_5:   [xilinx-label-all-loops]
                for (int j = 9; j >= I_+4; j--){
                ^~~
                VITIS_LOOP_177_5: 
D:\Soumil479\DNNs_On_FPGA\hardware_lenet\CustomDNN\solution1\.autopilot\db\conv2d_layer1.pp.0.cpp:14720:17: note: FIX-IT applied suggested code changes
D:\Soumil479\DNNs_On_FPGA\hardware_lenet\CustomDNN\solution1\.autopilot\db\conv2d_layer1.pp.0.cpp:14724:17: warning: Added loop label VITIS_LOOP_181_6:   [xilinx-label-all-loops]
                for (int j = I_+3; j >= 0; j--){
                ^~~
                VITIS_LOOP_181_6: 
D:\Soumil479\DNNs_On_FPGA\hardware_lenet\CustomDNN\solution1\.autopilot\db\conv2d_layer1.pp.0.cpp:14724:17: note: FIX-IT applied suggested code changes
D:\Soumil479\DNNs_On_FPGA\hardware_lenet\CustomDNN\solution1\.autopilot\db\conv2d_layer1.pp.0.cpp:14739:9: warning: Added loop label VITIS_LOOP_196_7:   [xilinx-label-all-loops]
        for (int j = 14; j < 22; j++){
        ^~~
        VITIS_LOOP_196_7: 
D:\Soumil479\DNNs_On_FPGA\hardware_lenet\CustomDNN\solution1\.autopilot\db\conv2d_layer1.pp.0.cpp:14739:9: note: FIX-IT applied suggested code changes
D:\Soumil479\DNNs_On_FPGA\hardware_lenet\CustomDNN\solution1\.autopilot\db\conv2d_layer1.pp.0.cpp:14747:17: warning: Added loop label VITIS_LOOP_204_8:   [xilinx-label-all-loops]
                for (int j = 0; j < 22; j++){
                ^~~
                VITIS_LOOP_204_8: 
D:\Soumil479\DNNs_On_FPGA\hardware_lenet\CustomDNN\solution1\.autopilot\db\conv2d_layer1.pp.0.cpp:14747:17: note: FIX-IT applied suggested code changes
D:\Soumil479\DNNs_On_FPGA\hardware_lenet\CustomDNN\solution1\.autopilot\db\conv2d_layer1.pp.0.cpp:14812:13: warning: Added loop label VITIS_LOOP_269_9:   [xilinx-label-all-loops]
            for (int j = 21; j >= I_+10; j--) {
            ^~~
            VITIS_LOOP_269_9: 
D:\Soumil479\DNNs_On_FPGA\hardware_lenet\CustomDNN\solution1\.autopilot\db\conv2d_layer1.pp.0.cpp:14812:13: note: FIX-IT applied suggested code changes
D:\Soumil479\DNNs_On_FPGA\hardware_lenet\CustomDNN\solution1\.autopilot\db\conv2d_layer1.pp.0.cpp:14818:17: warning: Added loop label VITIS_LOOP_275_10:   [xilinx-label-all-loops]
                for (int j = 21; j >= I_+10; j--) {
                ^~~
                VITIS_LOOP_275_10: 
D:\Soumil479\DNNs_On_FPGA\hardware_lenet\CustomDNN\solution1\.autopilot\db\conv2d_layer1.pp.0.cpp:14818:17: note: FIX-IT applied suggested code changes
D:\Soumil479\DNNs_On_FPGA\hardware_lenet\CustomDNN\solution1\.autopilot\db\conv2d_layer1.pp.0.cpp:14822:17: warning: Added loop label VITIS_LOOP_279_11:   [xilinx-label-all-loops]
                for (int j = I_+9; j >= 0; j--) {
                ^~~
                VITIS_LOOP_279_11: 
D:\Soumil479\DNNs_On_FPGA\hardware_lenet\CustomDNN\solution1\.autopilot\db\conv2d_layer1.pp.0.cpp:14822:17: note: FIX-IT applied suggested code changes
D:\Soumil479\DNNs_On_FPGA\hardware_lenet\CustomDNN\solution1\.autopilot\db\conv2d_layer1.pp.0.cpp:14837:9: warning: Added loop label VITIS_LOOP_294_12:   [xilinx-label-all-loops]
        for (int j = 27; j < 46; j++){
        ^~~
        VITIS_LOOP_294_12: 
D:\Soumil479\DNNs_On_FPGA\hardware_lenet\CustomDNN\solution1\.autopilot\db\conv2d_layer1.pp.0.cpp:14837:9: note: FIX-IT applied suggested code changes
D:\Soumil479\DNNs_On_FPGA\hardware_lenet\CustomDNN\solution1\.autopilot\db\conv2d_layer1.pp.0.cpp:14845:17: warning: Added loop label VITIS_LOOP_302_13:   [xilinx-label-all-loops]
                for (int j = 0; j < 46; j++) {
                ^~~
                VITIS_LOOP_302_13: 
D:\Soumil479\DNNs_On_FPGA\hardware_lenet\CustomDNN\solution1\.autopilot\db\conv2d_layer1.pp.0.cpp:14845:17: note: FIX-IT applied suggested code changes
D:\Soumil479\DNNs_On_FPGA\hardware_lenet\CustomDNN\solution1\.autopilot\db\conv2d_layer1.pp.0.cpp:15074:13: warning: Added loop label VITIS_LOOP_531_14:   [xilinx-label-all-loops]
            for (int j = 45; j >= I_+22; j--) {
            ^~~
            VITIS_LOOP_531_14: 
D:\Soumil479\DNNs_On_FPGA\hardware_lenet\CustomDNN\solution1\.autopilot\db\conv2d_layer1.pp.0.cpp:15074:13: note: FIX-IT applied suggested code changes
D:\Soumil479\DNNs_On_FPGA\hardware_lenet\CustomDNN\solution1\.autopilot\db\conv2d_layer1.pp.0.cpp:15080:17: warning: Added loop label VITIS_LOOP_537_15:   [xilinx-label-all-loops]
                for (int j = 45; j >= I_+22; j--){
                ^~~
                VITIS_LOOP_537_15: 
D:\Soumil479\DNNs_On_FPGA\hardware_lenet\CustomDNN\solution1\.autopilot\db\conv2d_layer1.pp.0.cpp:15080:17: note: FIX-IT applied suggested code changes
D:\Soumil479\DNNs_On_FPGA\hardware_lenet\CustomDNN\solution1\.autopilot\db\conv2d_layer1.pp.0.cpp:15084:17: warning: Added loop label VITIS_LOOP_541_16:   [xilinx-label-all-loops]
                for (int j = I_+21; j >= 0; j--) {
                ^~~
                VITIS_LOOP_541_16: 
D:\Soumil479\DNNs_On_FPGA\hardware_lenet\CustomDNN\solution1\.autopilot\db\conv2d_layer1.pp.0.cpp:15084:17: note: FIX-IT applied suggested code changes
D:\Soumil479\DNNs_On_FPGA\hardware_lenet\CustomDNN\solution1\.autopilot\db\conv2d_layer1.pp.0.cpp:15094:9: warning: Added loop label VITIS_LOOP_551_17:   [xilinx-label-all-loops]
        for (int j = 32-F_; j < 32+I_; j++){
        ^~~
        VITIS_LOOP_551_17: 
D:\Soumil479\DNNs_On_FPGA\hardware_lenet\CustomDNN\solution1\.autopilot\db\conv2d_layer1.pp.0.cpp:15094:9: note: FIX-IT applied suggested code changes
D:\Soumil479\DNNs_On_FPGA\hardware_lenet\CustomDNN\solution1\.autopilot\db\conv2d_layer1.pp.0.cpp:15098:9: warning: Added loop label VITIS_LOOP_555_18:   [xilinx-label-all-loops]
        for (int j = 32+I_; j <= 64; j++){
        ^~~
        VITIS_LOOP_555_18: 
D:\Soumil479\DNNs_On_FPGA\hardware_lenet\CustomDNN\solution1\.autopilot\db\conv2d_layer1.pp.0.cpp:15098:9: note: FIX-IT applied suggested code changes
D:\Soumil479\DNNs_On_FPGA\hardware_lenet\CustomDNN\solution1\.autopilot\db\conv2d_layer1.pp.0.cpp:15108:9: warning: Added loop label VITIS_LOOP_565_19:   [xilinx-label-all-loops]
        for (int j = 37; j < 64; j++) {
        ^~~
        VITIS_LOOP_565_19: 
D:\Soumil479\DNNs_On_FPGA\hardware_lenet\CustomDNN\solution1\.autopilot\db\conv2d_layer1.pp.0.cpp:15108:9: note: FIX-IT applied suggested code changes
D:\Soumil479\DNNs_On_FPGA\hardware_lenet\CustomDNN\solution1\.autopilot\db\conv2d_layer1.pp.0.cpp:15116:17: warning: Added loop label VITIS_LOOP_573_20:   [xilinx-label-all-loops]
                for (int j = 0; j < 64; j++){
                ^~~
                VITIS_LOOP_573_20: 
D:\Soumil479\DNNs_On_FPGA\hardware_lenet\CustomDNN\solution1\.autopilot\db\conv2d_layer1.pp.0.cpp:15116:17: note: FIX-IT applied suggested code changes
D:\Soumil479\DNNs_On_FPGA\hardware_lenet\CustomDNN\solution1\.autopilot\db\conv2d_layer1.pp.0.cpp:15477:13: warning: Added loop label VITIS_LOOP_934_21:   [xilinx-label-all-loops]
            for (int j = 63; j >= I_+31; j--) {
            ^~~
            VITIS_LOOP_934_21: 
D:\Soumil479\DNNs_On_FPGA\hardware_lenet\CustomDNN\solution1\.autopilot\db\conv2d_layer1.pp.0.cpp:15477:13: note: FIX-IT applied suggested code changes
D:\Soumil479\DNNs_On_FPGA\hardware_lenet\CustomDNN\solution1\.autopilot\db\conv2d_layer1.pp.0.cpp:15483:17: warning: Added loop label VITIS_LOOP_940_22:   [xilinx-label-all-loops]
                for (int j = 63; j >= I_+31; j--) {
                ^~~
                VITIS_LOOP_940_22: 
D:\Soumil479\DNNs_On_FPGA\hardware_lenet\CustomDNN\solution1\.autopilot\db\conv2d_layer1.pp.0.cpp:15483:17: note: FIX-IT applied suggested code changes
D:\Soumil479\DNNs_On_FPGA\hardware_lenet\CustomDNN\solution1\.autopilot\db\conv2d_layer1.pp.0.cpp:15487:17: warning: Added loop label VITIS_LOOP_944_23:   [xilinx-label-all-loops]
                for (int j = I_+30; j >= 0; j--) {
                ^~~
                VITIS_LOOP_944_23: 
D:\Soumil479\DNNs_On_FPGA\hardware_lenet\CustomDNN\solution1\.autopilot\db\conv2d_layer1.pp.0.cpp:15487:17: note: FIX-IT applied suggested code changes
D:\Soumil479\DNNs_On_FPGA\hardware_lenet\CustomDNN\solution1\.autopilot\db\conv2d_layer1.pp.0.cpp:15603:13: warning: Added loop label VITIS_LOOP_1060_1:   [xilinx-label-all-loops]
            for (int j = 4; j >= I_+1; j--) {
            ^~~
            VITIS_LOOP_1060_1: 
D:\Soumil479\DNNs_On_FPGA\hardware_lenet\CustomDNN\solution1\.autopilot\db\conv2d_layer1.pp.0.cpp:15603:13: note: FIX-IT applied suggested code changes
D:\Soumil479\DNNs_On_FPGA\hardware_lenet\CustomDNN\solution1\.autopilot\db\conv2d_layer1.pp.0.cpp:15609:17: warning: Added loop label VITIS_LOOP_1066_2:   [xilinx-label-all-loops]
                for (int j = 4; j >= I_+1; j--) {
                ^~~
                VITIS_LOOP_1066_2: 
D:\Soumil479\DNNs_On_FPGA\hardware_lenet\CustomDNN\solution1\.autopilot\db\conv2d_layer1.pp.0.cpp:15609:17: note: FIX-IT applied suggested code changes
D:\Soumil479\DNNs_On_FPGA\hardware_lenet\CustomDNN\solution1\.autopilot\db\conv2d_layer1.pp.0.cpp:15613:17: warning: Added loop label VITIS_LOOP_1070_3:   [xilinx-label-all-loops]
                for (int j = I_; j >= 0; j--) {
                ^~~
                VITIS_LOOP_1070_3: 
D:\Soumil479\DNNs_On_FPGA\hardware_lenet\CustomDNN\solution1\.autopilot\db\conv2d_layer1.pp.0.cpp:15613:17: note: FIX-IT applied suggested code changes
D:\Soumil479\DNNs_On_FPGA\hardware_lenet\CustomDNN\solution1\.autopilot\db\conv2d_layer1.pp.0.cpp:15700:13: warning: Added loop label VITIS_LOOP_1157_4:   [xilinx-label-all-loops]
            for (int j = 10; j >= I_+4; j--) {
            ^~~
            VITIS_LOOP_1157_4: 
D:\Soumil479\DNNs_On_FPGA\hardware_lenet\CustomDNN\solution1\.autopilot\db\conv2d_layer1.pp.0.cpp:15700:13: note: FIX-IT applied suggested code changes
D:\Soumil479\DNNs_On_FPGA\hardware_lenet\CustomDNN\solution1\.autopilot\db\conv2d_layer1.pp.0.cpp:15706:17: warning: Added loop label VITIS_LOOP_1163_5:   [xilinx-label-all-loops]
                for (int j = 10; j >= I_+4; j--) {
                ^~~
                VITIS_LOOP_1163_5: 
D:\Soumil479\DNNs_On_FPGA\hardware_lenet\CustomDNN\solution1\.autopilot\db\conv2d_layer1.pp.0.cpp:15706:17: note: FIX-IT applied suggested code changes
D:\Soumil479\DNNs_On_FPGA\hardware_lenet\CustomDNN\solution1\.autopilot\db\conv2d_layer1.pp.0.cpp:15710:17: warning: Added loop label VITIS_LOOP_1167_6:   [xilinx-label-all-loops]
                for (int j = I_+3; j >= 0; j--) {
                ^~~
                VITIS_LOOP_1167_6: 
D:\Soumil479\DNNs_On_FPGA\hardware_lenet\CustomDNN\solution1\.autopilot\db\conv2d_layer1.pp.0.cpp:15710:17: note: FIX-IT applied suggested code changes
D:\Soumil479\DNNs_On_FPGA\hardware_lenet\CustomDNN\solution1\.autopilot\db\conv2d_layer1.pp.0.cpp:15729:9: warning: Added loop label VITIS_LOOP_1186_7:   [xilinx-label-all-loops]
        for (int j = wf+3; j < w-1; j++) {
        ^~~
        VITIS_LOOP_1186_7: 
D:\Soumil479\DNNs_On_FPGA\hardware_lenet\CustomDNN\solution1\.autopilot\db\conv2d_layer1.pp.0.cpp:15729:9: note: FIX-IT applied suggested code changes
D:\Soumil479\DNNs_On_FPGA\hardware_lenet\CustomDNN\solution1\.autopilot\db\conv2d_layer1.pp.0.cpp:15736:17: warning: Added loop label VITIS_LOOP_1193_8:   [xilinx-label-all-loops]
                for (int j = 0; j < 22; j++) {
                ^~~
                VITIS_LOOP_1193_8: 
D:\Soumil479\DNNs_On_FPGA\hardware_lenet\CustomDNN\solution1\.autopilot\db\conv2d_layer1.pp.0.cpp:15736:17: note: FIX-IT applied suggested code changes
D:\Soumil479\DNNs_On_FPGA\hardware_lenet\CustomDNN\solution1\.autopilot\db\conv2d_layer1.pp.0.cpp:15852:13: warning: Added loop label VITIS_LOOP_1309_9:   [xilinx-label-all-loops]
            for (int j = 22; j >= I_+10; j--) {
            ^~~
            VITIS_LOOP_1309_9: 
D:\Soumil479\DNNs_On_FPGA\hardware_lenet\CustomDNN\solution1\.autopilot\db\conv2d_layer1.pp.0.cpp:15852:13: note: FIX-IT applied suggested code changes
D:\Soumil479\DNNs_On_FPGA\hardware_lenet\CustomDNN\solution1\.autopilot\db\conv2d_layer1.pp.0.cpp:15858:17: warning: Added loop label VITIS_LOOP_1315_10:   [xilinx-label-all-loops]
                for (int j = 22; j >= I_+10; j--){
                ^~~
                VITIS_LOOP_1315_10: 
D:\Soumil479\DNNs_On_FPGA\hardware_lenet\CustomDNN\solution1\.autopilot\db\conv2d_layer1.pp.0.cpp:15858:17: note: FIX-IT applied suggested code changes
D:\Soumil479\DNNs_On_FPGA\hardware_lenet\CustomDNN\solution1\.autopilot\db\conv2d_layer1.pp.0.cpp:15862:17: warning: Added loop label VITIS_LOOP_1319_11:   [xilinx-label-all-loops]
                for (int j = I_+9; j >= 0; j--) {
                ^~~
                VITIS_LOOP_1319_11: 
D:\Soumil479\DNNs_On_FPGA\hardware_lenet\CustomDNN\solution1\.autopilot\db\conv2d_layer1.pp.0.cpp:15862:17: note: FIX-IT applied suggested code changes
D:\Soumil479\DNNs_On_FPGA\hardware_lenet\CustomDNN\solution1\.autopilot\db\conv2d_layer1.pp.0.cpp:15882:9: warning: Added loop label VITIS_LOOP_1339_12:   [xilinx-label-all-loops]
        for (int j = wf+4; j < w-1; j++){
        ^~~
        VITIS_LOOP_1339_12: 
D:\Soumil479\DNNs_On_FPGA\hardware_lenet\CustomDNN\solution1\.autopilot\db\conv2d_layer1.pp.0.cpp:15882:9: note: FIX-IT applied suggested code changes
D:\Soumil479\DNNs_On_FPGA\hardware_lenet\CustomDNN\solution1\.autopilot\db\conv2d_layer1.pp.0.cpp:15889:17: warning: Added loop label VITIS_LOOP_1346_13:   [xilinx-label-all-loops]
                for (int j = 0; j < 46; j++) {
                ^~~
                VITIS_LOOP_1346_13: 
D:\Soumil479\DNNs_On_FPGA\hardware_lenet\CustomDNN\solution1\.autopilot\db\conv2d_layer1.pp.0.cpp:15889:17: note: FIX-IT applied suggested code changes
D:\Soumil479\DNNs_On_FPGA\hardware_lenet\CustomDNN\solution1\.autopilot\db\conv2d_layer1.pp.0.cpp:16151:13: warning: Added loop label VITIS_LOOP_1608_14:   [xilinx-label-all-loops]
            for (int j = 46; j >= I_+22; j--) {
            ^~~
            VITIS_LOOP_1608_14: 
D:\Soumil479\DNNs_On_FPGA\hardware_lenet\CustomDNN\solution1\.autopilot\db\conv2d_layer1.pp.0.cpp:16151:13: note: FIX-IT applied suggested code changes
D:\Soumil479\DNNs_On_FPGA\hardware_lenet\CustomDNN\solution1\.autopilot\db\conv2d_layer1.pp.0.cpp:16157:17: warning: Added loop label VITIS_LOOP_1614_15:   [xilinx-label-all-loops]
                for (int j = 46; j >= I_+22; j--) {
                ^~~
                VITIS_LOOP_1614_15: 
D:\Soumil479\DNNs_On_FPGA\hardware_lenet\CustomDNN\solution1\.autopilot\db\conv2d_layer1.pp.0.cpp:16157:17: note: FIX-IT applied suggested code changes
D:\Soumil479\DNNs_On_FPGA\hardware_lenet\CustomDNN\solution1\.autopilot\db\conv2d_layer1.pp.0.cpp:16161:17: warning: Added loop label VITIS_LOOP_1618_16:   [xilinx-label-all-loops]
                for (int j = I_+21; j >= 0; j--) {
                ^~~
                VITIS_LOOP_1618_16: 
D:\Soumil479\DNNs_On_FPGA\hardware_lenet\CustomDNN\solution1\.autopilot\db\conv2d_layer1.pp.0.cpp:16161:17: note: FIX-IT applied suggested code changes
D:\Soumil479\DNNs_On_FPGA\hardware_lenet\CustomDNN\solution1\.autopilot\db\conv2d_layer1.pp.0.cpp:16185:9: warning: Added loop label VITIS_LOOP_1642_17:   [xilinx-label-all-loops]
        for (int j = wf+5; j < w-1; j++){
        ^~~
        VITIS_LOOP_1642_17: 
D:\Soumil479\DNNs_On_FPGA\hardware_lenet\CustomDNN\solution1\.autopilot\db\conv2d_layer1.pp.0.cpp:16185:9: note: FIX-IT applied suggested code changes
D:\Soumil479\DNNs_On_FPGA\hardware_lenet\CustomDNN\solution1\.autopilot\db\conv2d_layer1.pp.0.cpp:16192:17: warning: Added loop label VITIS_LOOP_1649_18:   [xilinx-label-all-loops]
                for (int j = 0; j < 64; j++) {
                ^~~
                VITIS_LOOP_1649_18: 
D:\Soumil479\DNNs_On_FPGA\hardware_lenet\CustomDNN\solution1\.autopilot\db\conv2d_layer1.pp.0.cpp:16192:17: note: FIX-IT applied suggested code changes
D:\Soumil479\DNNs_On_FPGA\hardware_lenet\CustomDNN\solution1\.autopilot\db\conv2d_layer1.pp.0.cpp:16622:13: warning: Added loop label VITIS_LOOP_2079_19:   [xilinx-label-all-loops]
            for (int j = 64; j >= I_+31; j--) {
            ^~~
            VITIS_LOOP_2079_19: 
D:\Soumil479\DNNs_On_FPGA\hardware_lenet\CustomDNN\solution1\.autopilot\db\conv2d_layer1.pp.0.cpp:16622:13: note: FIX-IT applied suggested code changes
D:\Soumil479\DNNs_On_FPGA\hardware_lenet\CustomDNN\solution1\.autopilot\db\conv2d_layer1.pp.0.cpp:16628:17: warning: Added loop label VITIS_LOOP_2085_20:   [xilinx-label-all-loops]
                for (int j = 64; j >= I_+31; j--) {
                ^~~
                VITIS_LOOP_2085_20: 
D:\Soumil479\DNNs_On_FPGA\hardware_lenet\CustomDNN\solution1\.autopilot\db\conv2d_layer1.pp.0.cpp:16628:17: note: FIX-IT applied suggested code changes
D:\Soumil479\DNNs_On_FPGA\hardware_lenet\CustomDNN\solution1\.autopilot\db\conv2d_layer1.pp.0.cpp:16632:17: warning: Added loop label VITIS_LOOP_2089_21:   [xilinx-label-all-loops]
                for (int j = I_+30; j >= 0; j--) {
                ^~~
                VITIS_LOOP_2089_21: 
D:\Soumil479\DNNs_On_FPGA\hardware_lenet\CustomDNN\solution1\.autopilot\db\conv2d_layer1.pp.0.cpp:16632:17: note: FIX-IT applied suggested code changes
D:\Soumil479\DNNs_On_FPGA\hardware_lenet\CustomDNN\solution1\.autopilot\db\conv2d_layer1.pp.0.cpp:16762:13: warning: Added loop label VITIS_LOOP_2219_1:   [xilinx-label-all-loops]
            for(int j=3; j>=I+1; j--) {
            ^~~
            VITIS_LOOP_2219_1: 
D:\Soumil479\DNNs_On_FPGA\hardware_lenet\CustomDNN\solution1\.autopilot\db\conv2d_layer1.pp.0.cpp:16762:13: note: FIX-IT applied suggested code changes
D:\Soumil479\DNNs_On_FPGA\hardware_lenet\CustomDNN\solution1\.autopilot\db\conv2d_layer1.pp.0.cpp:16769:17: warning: Added loop label VITIS_LOOP_2226_2:   [xilinx-label-all-loops]
                for(int j=3; j>=I+1; j--) {
                ^~~
                VITIS_LOOP_2226_2: 
D:\Soumil479\DNNs_On_FPGA\hardware_lenet\CustomDNN\solution1\.autopilot\db\conv2d_layer1.pp.0.cpp:16769:17: note: FIX-IT applied suggested code changes
D:\Soumil479\DNNs_On_FPGA\hardware_lenet\CustomDNN\solution1\.autopilot\db\conv2d_layer1.pp.0.cpp:16773:17: warning: Added loop label VITIS_LOOP_2230_3:   [xilinx-label-all-loops]
                for(int j=I; j>=0; j--) {
                ^~~
                VITIS_LOOP_2230_3: 
D:\Soumil479\DNNs_On_FPGA\hardware_lenet\CustomDNN\solution1\.autopilot\db\conv2d_layer1.pp.0.cpp:16773:17: note: FIX-IT applied suggested code changes
D:\Soumil479\DNNs_On_FPGA\hardware_lenet\CustomDNN\solution1\.autopilot\db\conv2d_layer1.pp.0.cpp:16820:13: warning: Added loop label VITIS_LOOP_2277_4:   [xilinx-label-all-loops]
            for(int j=7; j>=3+I; j--) {
            ^~~
            VITIS_LOOP_2277_4: 
D:\Soumil479\DNNs_On_FPGA\hardware_lenet\CustomDNN\solution1\.autopilot\db\conv2d_layer1.pp.0.cpp:16820:13: note: FIX-IT applied suggested code changes
D:\Soumil479\DNNs_On_FPGA\hardware_lenet\CustomDNN\solution1\.autopilot\db\conv2d_layer1.pp.0.cpp:16827:17: warning: Added loop label VITIS_LOOP_2284_5:   [xilinx-label-all-loops]
                for(int j=7; j>=3+I; j--) {
                ^~~
                VITIS_LOOP_2284_5: 
D:\Soumil479\DNNs_On_FPGA\hardware_lenet\CustomDNN\solution1\.autopilot\db\conv2d_layer1.pp.0.cpp:16827:17: note: FIX-IT applied suggested code changes
D:\Soumil479\DNNs_On_FPGA\hardware_lenet\CustomDNN\solution1\.autopilot\db\conv2d_layer1.pp.0.cpp:16831:17: warning: Added loop label VITIS_LOOP_2288_6:   [xilinx-label-all-loops]
                for(int j=I+2; j>=0; j--) {
                ^~~
                VITIS_LOOP_2288_6: 
D:\Soumil479\DNNs_On_FPGA\hardware_lenet\CustomDNN\solution1\.autopilot\db\conv2d_layer1.pp.0.cpp:16831:17: note: FIX-IT applied suggested code changes
D:\Soumil479\DNNs_On_FPGA\hardware_lenet\CustomDNN\solution1\.autopilot\db\conv2d_layer1.pp.0.cpp:16849:9: warning: Added loop label VITIS_LOOP_2306_7:   [xilinx-label-all-loops]
        for(int j=11; j<16; j++) {
        ^~~
        VITIS_LOOP_2306_7: 
D:\Soumil479\DNNs_On_FPGA\hardware_lenet\CustomDNN\solution1\.autopilot\db\conv2d_layer1.pp.0.cpp:16849:9: note: FIX-IT applied suggested code changes
D:\Soumil479\DNNs_On_FPGA\hardware_lenet\CustomDNN\solution1\.autopilot\db\conv2d_layer1.pp.0.cpp:16904:13: warning: Added loop label VITIS_LOOP_2361_8:   [xilinx-label-all-loops]
            for(int j=15; j>=7+I; j--) {
            ^~~
            VITIS_LOOP_2361_8: 
D:\Soumil479\DNNs_On_FPGA\hardware_lenet\CustomDNN\solution1\.autopilot\db\conv2d_layer1.pp.0.cpp:16904:13: note: FIX-IT applied suggested code changes
D:\Soumil479\DNNs_On_FPGA\hardware_lenet\CustomDNN\solution1\.autopilot\db\conv2d_layer1.pp.0.cpp:16911:17: warning: Added loop label VITIS_LOOP_2368_9:   [xilinx-label-all-loops]
                for(int j=15; j>=7+I; j--) {
                ^~~
                VITIS_LOOP_2368_9: 
D:\Soumil479\DNNs_On_FPGA\hardware_lenet\CustomDNN\solution1\.autopilot\db\conv2d_layer1.pp.0.cpp:16911:17: note: FIX-IT applied suggested code changes
D:\Soumil479\DNNs_On_FPGA\hardware_lenet\CustomDNN\solution1\.autopilot\db\conv2d_layer1.pp.0.cpp:16915:17: warning: Added loop label VITIS_LOOP_2372_10:   [xilinx-label-all-loops]
                for(int j=6+I; j>=0; j--) {
                ^~~
                VITIS_LOOP_2372_10: 
D:\Soumil479\DNNs_On_FPGA\hardware_lenet\CustomDNN\solution1\.autopilot\db\conv2d_layer1.pp.0.cpp:16915:17: note: FIX-IT applied suggested code changes
D:\Soumil479\DNNs_On_FPGA\hardware_lenet\CustomDNN\solution1\.autopilot\db\conv2d_layer1.pp.0.cpp:16933:9: warning: Added loop label VITIS_LOOP_2390_11:   [xilinx-label-all-loops]
        for(int j=20; j<32; j++) {
        ^~~
        VITIS_LOOP_2390_11: 
D:\Soumil479\DNNs_On_FPGA\hardware_lenet\CustomDNN\solution1\.autopilot\db\conv2d_layer1.pp.0.cpp:16933:9: note: FIX-IT applied suggested code changes
D:\Soumil479\DNNs_On_FPGA\hardware_lenet\CustomDNN\solution1\.autopilot\db\conv2d_layer1.pp.0.cpp:17022:13: warning: Added loop label VITIS_LOOP_2479_12:   [xilinx-label-all-loops]
            for(int j=31; j>=I+15; j--) {
            ^~~
            VITIS_LOOP_2479_12: 
D:\Soumil479\DNNs_On_FPGA\hardware_lenet\CustomDNN\solution1\.autopilot\db\conv2d_layer1.pp.0.cpp:17022:13: note: FIX-IT applied suggested code changes
D:\Soumil479\DNNs_On_FPGA\hardware_lenet\CustomDNN\solution1\.autopilot\db\conv2d_layer1.pp.0.cpp:17029:17: warning: Added loop label VITIS_LOOP_2486_13:   [xilinx-label-all-loops]
                for(int j=31; j>=I+15; j--) {
                ^~~
                VITIS_LOOP_2486_13: 
D:\Soumil479\DNNs_On_FPGA\hardware_lenet\CustomDNN\solution1\.autopilot\db\conv2d_layer1.pp.0.cpp:17029:17: note: FIX-IT applied suggested code changes
D:\Soumil479\DNNs_On_FPGA\hardware_lenet\CustomDNN\solution1\.autopilot\db\conv2d_layer1.pp.0.cpp:17033:17: warning: Added loop label VITIS_LOOP_2490_14:   [xilinx-label-all-loops]
                for(int j=I+14; j>=0; j--) {
                ^~~
                VITIS_LOOP_2490_14: 
D:\Soumil479\DNNs_On_FPGA\hardware_lenet\CustomDNN\solution1\.autopilot\db\conv2d_layer1.pp.0.cpp:17033:17: note: FIX-IT applied suggested code changes
D:\Soumil479\DNNs_On_FPGA\hardware_lenet\CustomDNN\solution1\.autopilot\db\conv2d_layer1.pp.0.cpp:17043:9: warning: Added loop label VITIS_LOOP_2500_15:   [xilinx-label-all-loops]
        for(int j=32-F; j<32+I; j++) {
        ^~~
        VITIS_LOOP_2500_15: 
D:\Soumil479\DNNs_On_FPGA\hardware_lenet\CustomDNN\solution1\.autopilot\db\conv2d_layer1.pp.0.cpp:17043:9: note: FIX-IT applied suggested code changes
D:\Soumil479\DNNs_On_FPGA\hardware_lenet\CustomDNN\solution1\.autopilot\db\conv2d_layer1.pp.0.cpp:17047:9: warning: Added loop label VITIS_LOOP_2504_16:   [xilinx-label-all-loops]
        for(int j=32+I; j<=64; j++) {
        ^~~
        VITIS_LOOP_2504_16: 
D:\Soumil479\DNNs_On_FPGA\hardware_lenet\CustomDNN\solution1\.autopilot\db\conv2d_layer1.pp.0.cpp:17047:9: note: FIX-IT applied suggested code changes
D:\Soumil479\DNNs_On_FPGA\hardware_lenet\CustomDNN\solution1\.autopilot\db\conv2d_layer1.pp.0.cpp:17058:9: warning: Added loop label VITIS_LOOP_2515_17:   [xilinx-label-all-loops]
        for(int j=37; j<64; j++) {
        ^~~
        VITIS_LOOP_2515_17: 
D:\Soumil479\DNNs_On_FPGA\hardware_lenet\CustomDNN\solution1\.autopilot\db\conv2d_layer1.pp.0.cpp:17058:9: note: FIX-IT applied suggested code changes
D:\Soumil479\DNNs_On_FPGA\hardware_lenet\CustomDNN\solution1\.autopilot\db\conv2d_layer1.pp.0.cpp:17066:17: warning: Added loop label VITIS_LOOP_2523_18:   [xilinx-label-all-loops]
                for(int j=0; j<64; j++) {
                ^~~
                VITIS_LOOP_2523_18: 
D:\Soumil479\DNNs_On_FPGA\hardware_lenet\CustomDNN\solution1\.autopilot\db\conv2d_layer1.pp.0.cpp:17066:17: note: FIX-IT applied suggested code changes
D:\Soumil479\DNNs_On_FPGA\hardware_lenet\CustomDNN\solution1\.autopilot\db\conv2d_layer1.pp.0.cpp:17391:13: warning: Added loop label VITIS_LOOP_2848_19:   [xilinx-label-all-loops]
            for(int j=63; j>=I+31; j--) {
            ^~~
            VITIS_LOOP_2848_19: 
D:\Soumil479\DNNs_On_FPGA\hardware_lenet\CustomDNN\solution1\.autopilot\db\conv2d_layer1.pp.0.cpp:17391:13: note: FIX-IT applied suggested code changes
D:\Soumil479\DNNs_On_FPGA\hardware_lenet\CustomDNN\solution1\.autopilot\db\conv2d_layer1.pp.0.cpp:17398:17: warning: Added loop label VITIS_LOOP_2855_20:   [xilinx-label-all-loops]
                for(int j=63; j>=I+31; j--) {
                ^~~
                VITIS_LOOP_2855_20: 
D:\Soumil479\DNNs_On_FPGA\hardware_lenet\CustomDNN\solution1\.autopilot\db\conv2d_layer1.pp.0.cpp:17398:17: note: FIX-IT applied suggested code changes
D:\Soumil479\DNNs_On_FPGA\hardware_lenet\CustomDNN\solution1\.autopilot\db\conv2d_layer1.pp.0.cpp:17402:17: warning: Added loop label VITIS_LOOP_2859_21:   [xilinx-label-all-loops]
                for(int j=I+30; j>=0; j--) {
                ^~~
                VITIS_LOOP_2859_21: 
D:\Soumil479\DNNs_On_FPGA\hardware_lenet\CustomDNN\solution1\.autopilot\db\conv2d_layer1.pp.0.cpp:17402:17: note: FIX-IT applied suggested code changes
D:\Soumil479\DNNs_On_FPGA\hardware_lenet\CustomDNN\solution1\.autopilot\db\conv2d_layer1.pp.0.cpp:17490:4: warning: Added loop label VITIS_LOOP_2947_1:   [xilinx-label-all-loops]
   for(int j = 5; j>=I_+2; j--) {
   ^~~
   VITIS_LOOP_2947_1: 
D:\Soumil479\DNNs_On_FPGA\hardware_lenet\CustomDNN\solution1\.autopilot\db\conv2d_layer1.pp.0.cpp:17490:4: note: FIX-IT applied suggested code changes
D:\Soumil479\DNNs_On_FPGA\hardware_lenet\CustomDNN\solution1\.autopilot\db\conv2d_layer1.pp.0.cpp:17497:5: warning: Added loop label VITIS_LOOP_2954_2:   [xilinx-label-all-loops]
    for(int j = 5; j>=I_+2; j--) {
    ^~~
    VITIS_LOOP_2954_2: 
D:\Soumil479\DNNs_On_FPGA\hardware_lenet\CustomDNN\solution1\.autopilot\db\conv2d_layer1.pp.0.cpp:17497:5: note: FIX-IT applied suggested code changes
D:\Soumil479\DNNs_On_FPGA\hardware_lenet\CustomDNN\solution1\.autopilot\db\conv2d_layer1.pp.0.cpp:17501:5: warning: Added loop label VITIS_LOOP_2958_3:   [xilinx-label-all-loops]
    for(int j = I_+1; j>=0; j--) {
    ^~~
    VITIS_LOOP_2958_3: 
D:\Soumil479\DNNs_On_FPGA\hardware_lenet\CustomDNN\solution1\.autopilot\db\conv2d_layer1.pp.0.cpp:17501:5: note: FIX-IT applied suggested code changes
D:\Soumil479\DNNs_On_FPGA\hardware_lenet\CustomDNN\solution1\.autopilot\db\conv2d_layer1.pp.0.cpp:17516:3: warning: Added loop label VITIS_LOOP_2973_4:   [xilinx-label-all-loops]
  for(int j = 11; j >=7; j--) {
  ^~~
  VITIS_LOOP_2973_4: 
D:\Soumil479\DNNs_On_FPGA\hardware_lenet\CustomDNN\solution1\.autopilot\db\conv2d_layer1.pp.0.cpp:17516:3: note: FIX-IT applied suggested code changes
D:\Soumil479\DNNs_On_FPGA\hardware_lenet\CustomDNN\solution1\.autopilot\db\conv2d_layer1.pp.0.cpp:17548:4: warning: Added loop label VITIS_LOOP_3005_5:   [xilinx-label-all-loops]
   for(int j = 11; j >= I_+5; j--) {
   ^~~
   VITIS_LOOP_3005_5: 
D:\Soumil479\DNNs_On_FPGA\hardware_lenet\CustomDNN\solution1\.autopilot\db\conv2d_layer1.pp.0.cpp:17548:4: note: FIX-IT applied suggested code changes
D:\Soumil479\DNNs_On_FPGA\hardware_lenet\CustomDNN\solution1\.autopilot\db\conv2d_layer1.pp.0.cpp:17555:5: warning: Added loop label VITIS_LOOP_3012_6:   [xilinx-label-all-loops]
    for(int j = 11; j>= I_+5; j--) {
    ^~~
    VITIS_LOOP_3012_6: 
D:\Soumil479\DNNs_On_FPGA\hardware_lenet\CustomDNN\solution1\.autopilot\db\conv2d_layer1.pp.0.cpp:17555:5: note: FIX-IT applied suggested code changes
D:\Soumil479\DNNs_On_FPGA\hardware_lenet\CustomDNN\solution1\.autopilot\db\conv2d_layer1.pp.0.cpp:17559:5: warning: Added loop label VITIS_LOOP_3016_7:   [xilinx-label-all-loops]
    for(int j = I_+4; j>=0; j--) {
    ^~~
    VITIS_LOOP_3016_7: 
D:\Soumil479\DNNs_On_FPGA\hardware_lenet\CustomDNN\solution1\.autopilot\db\conv2d_layer1.pp.0.cpp:17559:5: note: FIX-IT applied suggested code changes
D:\Soumil479\DNNs_On_FPGA\hardware_lenet\CustomDNN\solution1\.autopilot\db\conv2d_layer1.pp.0.cpp:17574:3: warning: Added loop label VITIS_LOOP_3031_8:   [xilinx-label-all-loops]
  for(int j = 25; j>=15; j--) {
  ^~~
  VITIS_LOOP_3031_8: 
D:\Soumil479\DNNs_On_FPGA\hardware_lenet\CustomDNN\solution1\.autopilot\db\conv2d_layer1.pp.0.cpp:17574:3: note: FIX-IT applied suggested code changes
D:\Soumil479\DNNs_On_FPGA\hardware_lenet\CustomDNN\solution1\.autopilot\db\conv2d_layer1.pp.0.cpp:17624:4: warning: Added loop label VITIS_LOOP_3081_9:   [xilinx-label-all-loops]
   for(int j = 25; j>= I_+12; j--) {
   ^~~
   VITIS_LOOP_3081_9: 
D:\Soumil479\DNNs_On_FPGA\hardware_lenet\CustomDNN\solution1\.autopilot\db\conv2d_layer1.pp.0.cpp:17624:4: note: FIX-IT applied suggested code changes
D:\Soumil479\DNNs_On_FPGA\hardware_lenet\CustomDNN\solution1\.autopilot\db\conv2d_layer1.pp.0.cpp:17631:5: warning: Added loop label VITIS_LOOP_3088_10:   [xilinx-label-all-loops]
    for(int j = 25; j>=I_+12; j--) {
    ^~~
    VITIS_LOOP_3088_10: 
D:\Soumil479\DNNs_On_FPGA\hardware_lenet\CustomDNN\solution1\.autopilot\db\conv2d_layer1.pp.0.cpp:17631:5: note: FIX-IT applied suggested code changes
D:\Soumil479\DNNs_On_FPGA\hardware_lenet\CustomDNN\solution1\.autopilot\db\conv2d_layer1.pp.0.cpp:17635:5: warning: Added loop label VITIS_LOOP_3092_11:   [xilinx-label-all-loops]
    for(int j = I_+11; j>=0; j--) {
    ^~~
    VITIS_LOOP_3092_11: 
D:\Soumil479\DNNs_On_FPGA\hardware_lenet\CustomDNN\solution1\.autopilot\db\conv2d_layer1.pp.0.cpp:17635:5: note: FIX-IT applied suggested code changes
D:\Soumil479\DNNs_On_FPGA\hardware_lenet\CustomDNN\solution1\.autopilot\db\conv2d_layer1.pp.0.cpp:17650:3: warning: Added loop label VITIS_LOOP_3107_12:   [xilinx-label-all-loops]
  for(int j = 51; j >= 29; j--) {
  ^~~
  VITIS_LOOP_3107_12: 
D:\Soumil479\DNNs_On_FPGA\hardware_lenet\CustomDNN\solution1\.autopilot\db\conv2d_layer1.pp.0.cpp:17650:3: note: FIX-IT applied suggested code changes
D:\Soumil479\DNNs_On_FPGA\hardware_lenet\CustomDNN\solution1\.autopilot\db\conv2d_layer1.pp.0.cpp:17787:4: warning: Added loop label VITIS_LOOP_3244_13:   [xilinx-label-all-loops]
   for(int j = 51; j >= 25 + I_; j--) {
   ^~~
   VITIS_LOOP_3244_13: 
D:\Soumil479\DNNs_On_FPGA\hardware_lenet\CustomDNN\solution1\.autopilot\db\conv2d_layer1.pp.0.cpp:17787:4: note: FIX-IT applied suggested code changes
D:\Soumil479\DNNs_On_FPGA\hardware_lenet\CustomDNN\solution1\.autopilot\db\conv2d_layer1.pp.0.cpp:17794:5: warning: Added loop label VITIS_LOOP_3251_14:   [xilinx-label-all-loops]
    for(int j = 51; j>=25 + I_; j--) {
    ^~~
    VITIS_LOOP_3251_14: 
D:\Soumil479\DNNs_On_FPGA\hardware_lenet\CustomDNN\solution1\.autopilot\db\conv2d_layer1.pp.0.cpp:17794:5: note: FIX-IT applied suggested code changes
D:\Soumil479\DNNs_On_FPGA\hardware_lenet\CustomDNN\solution1\.autopilot\db\conv2d_layer1.pp.0.cpp:17798:5: warning: Added loop label VITIS_LOOP_3255_15:   [xilinx-label-all-loops]
    for(int j = 24 + I_; j >= 0; j--) {
    ^~~
    VITIS_LOOP_3255_15: 
D:\Soumil479\DNNs_On_FPGA\hardware_lenet\CustomDNN\solution1\.autopilot\db\conv2d_layer1.pp.0.cpp:17798:5: note: FIX-IT applied suggested code changes
D:\Soumil479\DNNs_On_FPGA\hardware_lenet\CustomDNN\solution1\.autopilot\db\conv2d_layer1.pp.0.cpp:17813:3: warning: Added loop label VITIS_LOOP_3270_16:   [xilinx-label-all-loops]
  for(int j = 63; j >= 36; j--) {
  ^~~
  VITIS_LOOP_3270_16: 
D:\Soumil479\DNNs_On_FPGA\hardware_lenet\CustomDNN\solution1\.autopilot\db\conv2d_layer1.pp.0.cpp:17813:3: note: FIX-IT applied suggested code changes
D:\Soumil479\DNNs_On_FPGA\hardware_lenet\CustomDNN\solution1\.autopilot\db\conv2d_layer1.pp.0.cpp:17973:4: warning: Added loop label VITIS_LOOP_3430_17:   [xilinx-label-all-loops]
   for(int j = 63; j >= 31 + I_; j--) {
   ^~~
   VITIS_LOOP_3430_17: 
D:\Soumil479\DNNs_On_FPGA\hardware_lenet\CustomDNN\solution1\.autopilot\db\conv2d_layer1.pp.0.cpp:17973:4: note: FIX-IT applied suggested code changes
D:\Soumil479\DNNs_On_FPGA\hardware_lenet\CustomDNN\solution1\.autopilot\db\conv2d_layer1.pp.0.cpp:17980:5: warning: Added loop label VITIS_LOOP_3437_18:   [xilinx-label-all-loops]
    for(int j = 63; j >= 31 + I_; j--) {
    ^~~
    VITIS_LOOP_3437_18: 
D:\Soumil479\DNNs_On_FPGA\hardware_lenet\CustomDNN\solution1\.autopilot\db\conv2d_layer1.pp.0.cpp:17980:5: note: FIX-IT applied suggested code changes
D:\Soumil479\DNNs_On_FPGA\hardware_lenet\CustomDNN\solution1\.autopilot\db\conv2d_layer1.pp.0.cpp:17984:5: warning: Added loop label VITIS_LOOP_3441_19:   [xilinx-label-all-loops]
    for(int j = 30 + I_; j >= 0; j--) {
    ^~~
    VITIS_LOOP_3441_19: 
D:\Soumil479\DNNs_On_FPGA\hardware_lenet\CustomDNN\solution1\.autopilot\db\conv2d_layer1.pp.0.cpp:17984:5: note: FIX-IT applied suggested code changes
D:\Soumil479\DNNs_On_FPGA\hardware_lenet\CustomDNN\solution1\.autopilot\db\conv2d_layer1.pp.0.cpp:18699:13: warning: Added loop label VITIS_LOOP_729_1:   [xilinx-label-all-loops]
            for (b_exp = I_-1; b_exp >= -F_; b_exp--) {
            ^~~
            VITIS_LOOP_729_1: 
D:\Soumil479\DNNs_On_FPGA\hardware_lenet\CustomDNN\solution1\.autopilot\db\conv2d_layer1.pp.0.cpp:18699:13: note: FIX-IT applied suggested code changes
D:\Soumil479\DNNs_On_FPGA\hardware_lenet\CustomDNN\solution1\.autopilot\db\conv2d_layer1.pp.0.cpp:18917:13: warning: Added loop label VITIS_LOOP_947_1:   [xilinx-label-all-loops]
            for (b_exp = I_-1; b_exp >= -F_; b_exp--) {
            ^~~
            VITIS_LOOP_947_1: 
D:\Soumil479\DNNs_On_FPGA\hardware_lenet\CustomDNN\solution1\.autopilot\db\conv2d_layer1.pp.0.cpp:18917:13: note: FIX-IT applied suggested code changes
D:\Soumil479\DNNs_On_FPGA\hardware_lenet\CustomDNN\solution1\.autopilot\db\conv2d_layer1.pp.0.cpp:19334:13: warning: Added loop label VITIS_LOOP_1371_1:   [xilinx-label-all-loops]
            for (b_exp = I_-1; b_exp >= -F_; b_exp--) {
            ^~~
            VITIS_LOOP_1371_1: 
D:\Soumil479\DNNs_On_FPGA\hardware_lenet\CustomDNN\solution1\.autopilot\db\conv2d_layer1.pp.0.cpp:19334:13: note: FIX-IT applied suggested code changes
D:\Soumil479\DNNs_On_FPGA\hardware_lenet\CustomDNN\solution1\.autopilot\db\conv2d_layer1.pp.0.cpp:19648:9: warning: Added loop label VITIS_LOOP_266_1:   [xilinx-label-all-loops]
        for ( int pos = msbr-1; pos >= 0; pos-- ) {
        ^~~
        VITIS_LOOP_266_1: 
D:\Soumil479\DNNs_On_FPGA\hardware_lenet\CustomDNN\solution1\.autopilot\db\conv2d_layer1.pp.0.cpp:19648:9: note: FIX-IT applied suggested code changes
D:\Soumil479\DNNs_On_FPGA\hardware_lenet\CustomDNN\solution1\.autopilot\db\conv2d_layer1.pp.0.cpp:19676:9: warning: Added loop label VITIS_LOOP_294_2:   [xilinx-label-all-loops]
        for ( int pos = -1; pos >= -F_-1; pos-- ) {
        ^~~
        VITIS_LOOP_294_2: 
D:\Soumil479\DNNs_On_FPGA\hardware_lenet\CustomDNN\solution1\.autopilot\db\conv2d_layer1.pp.0.cpp:19676:9: note: FIX-IT applied suggested code changes
D:\Soumil479\DNNs_On_FPGA\hardware_lenet\CustomDNN\solution1\.autopilot\db\conv2d_layer1.pp.0.cpp:20371:13: warning: Added loop label VITIS_LOOP_74_1:   [xilinx-label-all-loops]
            for (int j = 0; j < W_-1; j++){
            ^~~
            VITIS_LOOP_74_1: 
D:\Soumil479\DNNs_On_FPGA\hardware_lenet\CustomDNN\solution1\.autopilot\db\conv2d_layer1.pp.0.cpp:20371:13: note: FIX-IT applied suggested code changes
D:\Soumil479\DNNs_On_FPGA\hardware_lenet\CustomDNN\solution1\.autopilot\db\conv2d_layer1.pp.0.cpp:20424:5: warning: Added loop label VITIS_LOOP_135_2:   [xilinx-label-all-loops]
    for (int j = F_l+F_+I_m-1; j < F_l+W_+5; j++){
    ^~~
    VITIS_LOOP_135_2: 
D:\Soumil479\DNNs_On_FPGA\hardware_lenet\CustomDNN\solution1\.autopilot\db\conv2d_layer1.pp.0.cpp:20424:5: note: FIX-IT applied suggested code changes
D:\Soumil479\DNNs_On_FPGA\hardware_lenet\CustomDNN\solution1\.autopilot\db\conv2d_layer1.pp.0.cpp:20438:13: warning: Added loop label VITIS_LOOP_149_3:   [xilinx-label-all-loops]
            for (int j = WO_m-1; j >= W_-1; j--) {
            ^~~
            VITIS_LOOP_149_3: 
D:\Soumil479\DNNs_On_FPGA\hardware_lenet\CustomDNN\solution1\.autopilot\db\conv2d_layer1.pp.0.cpp:20438:13: note: FIX-IT applied suggested code changes
D:\Soumil479\DNNs_On_FPGA\hardware_lenet\CustomDNN\solution1\.autopilot\db\conv2d_layer1.pp.0.cpp:20468:13: warning: Added loop label VITIS_LOOP_179_4:   [xilinx-label-all-loops]
            for (int j = W_-2; j >= 0; j--){
            ^~~
            VITIS_LOOP_179_4: 
D:\Soumil479\DNNs_On_FPGA\hardware_lenet\CustomDNN\solution1\.autopilot\db\conv2d_layer1.pp.0.cpp:20468:13: note: FIX-IT applied suggested code changes
D:\Soumil479\DNNs_On_FPGA\hardware_lenet\CustomDNN\solution1\.autopilot\db\conv2d_layer1.pp.0.cpp:20553:12: warning: Added loop label VITIS_LOOP_307_1:   [xilinx-label-all-loops]
           for(int i = wf_log+we_log-2; i > WI_e - 2; --i) {
           ^~~
           VITIS_LOOP_307_1: 
D:\Soumil479\DNNs_On_FPGA\hardware_lenet\CustomDNN\solution1\.autopilot\db\conv2d_layer1.pp.0.cpp:20553:12: note: FIX-IT applied suggested code changes
D:\Soumil479\DNNs_On_FPGA\hardware_lenet\CustomDNN\solution1\.autopilot\db\conv2d_layer1.pp.0.cpp:20573:16: warning: Added loop label VITIS_LOOP_327_2:   [xilinx-label-all-loops]
               for (int j = WO_e-1; j >= W_-1; j--) {
               ^~~
               VITIS_LOOP_327_2: 
D:\Soumil479\DNNs_On_FPGA\hardware_lenet\CustomDNN\solution1\.autopilot\db\conv2d_layer1.pp.0.cpp:20573:16: note: FIX-IT applied suggested code changes
D:\Soumil479\DNNs_On_FPGA\hardware_lenet\CustomDNN\solution1\.autopilot\db\conv2d_layer1.pp.0.cpp:20587:20: warning: Added loop label VITIS_LOOP_341_3:   [xilinx-label-all-loops]
                   for(int i = 0; i < W_-1; ++i) {
                   ^~~
                   VITIS_LOOP_341_3: 
D:\Soumil479\DNNs_On_FPGA\hardware_lenet\CustomDNN\solution1\.autopilot\db\conv2d_layer1.pp.0.cpp:20587:20: note: FIX-IT applied suggested code changes
D:\Soumil479\DNNs_On_FPGA\hardware_lenet\CustomDNN\solution1\.autopilot\db\conv2d_layer1.pp.0.cpp:20680:12: warning: Added loop label VITIS_LOOP_459_1:   [xilinx-label-all-loops]
           for (int j =WO_d-1; j >= W_-1; j--) {
           ^~~
           VITIS_LOOP_459_1: 
D:\Soumil479\DNNs_On_FPGA\hardware_lenet\CustomDNN\solution1\.autopilot\db\conv2d_layer1.pp.0.cpp:20680:12: note: FIX-IT applied suggested code changes
D:\Soumil479\DNNs_On_FPGA\hardware_lenet\CustomDNN\solution1\.autopilot\db\conv2d_layer1.pp.0.cpp:20694:15: warning: Added loop label VITIS_LOOP_473_2:   [xilinx-label-all-loops]
              for(int i = 0; i < W_-1; ++i) {
              ^~~
              VITIS_LOOP_473_2: 
D:\Soumil479\DNNs_On_FPGA\hardware_lenet\CustomDNN\solution1\.autopilot\db\conv2d_layer1.pp.0.cpp:20694:15: note: FIX-IT applied suggested code changes
D:\Soumil479\DNNs_On_FPGA\hardware_lenet\CustomDNN\solution1\.autopilot\db\conv2d_layer1.pp.0.cpp:20807:13: warning: Added loop label VITIS_LOOP_59_1:   [xilinx-label-all-loops]
            for (int i = 0; i < W_-1; i++){
            ^~~
            VITIS_LOOP_59_1: 
D:\Soumil479\DNNs_On_FPGA\hardware_lenet\CustomDNN\solution1\.autopilot\db\conv2d_layer1.pp.0.cpp:20807:13: note: FIX-IT applied suggested code changes
D:\Soumil479\DNNs_On_FPGA\hardware_lenet\CustomDNN\solution1\.autopilot\db\conv2d_layer1.pp.0.cpp:20931:13: warning: Added loop label VITIS_LOOP_209_1:   [xilinx-label-all-loops]
            for (int i = 0; i < W_-1; i++){
            ^~~
            VITIS_LOOP_209_1: 
D:\Soumil479\DNNs_On_FPGA\hardware_lenet\CustomDNN\solution1\.autopilot\db\conv2d_layer1.pp.0.cpp:20931:13: note: FIX-IT applied suggested code changes
D:\Soumil479\DNNs_On_FPGA\hardware_lenet\CustomDNN\solution1\.autopilot\db\conv2d_layer1.pp.0.cpp:20986:13: warning: Added loop label VITIS_LOOP_274_1:   [xilinx-label-all-loops]
            for (int i = 0; i < W_-1; i++){
            ^~~
            VITIS_LOOP_274_1: 
D:\Soumil479\DNNs_On_FPGA\hardware_lenet\CustomDNN\solution1\.autopilot\db\conv2d_layer1.pp.0.cpp:20986:13: note: FIX-IT applied suggested code changes
D:\Soumil479\DNNs_On_FPGA\hardware_lenet\CustomDNN\solution1\.autopilot\db\conv2d_layer1.pp.0.cpp:21491:2: warning: Added loop label VITIS_LOOP_42_1:   [xilinx-label-all-loops]
 for (int i=0; i<W_;i++)
 ^~~
 VITIS_LOOP_42_1: 
D:\Soumil479\DNNs_On_FPGA\hardware_lenet\CustomDNN\solution1\.autopilot\db\conv2d_layer1.pp.0.cpp:21491:2: note: FIX-IT applied suggested code changes
D:\Soumil479\DNNs_On_FPGA\hardware_lenet\CustomDNN\solution1\.autopilot\db\conv2d_layer1.pp.0.cpp:21502:2: warning: Added loop label VITIS_LOOP_53_1:   [xilinx-label-all-loops]
 for (int i=0; i<W_;i++)
 ^~~
 VITIS_LOOP_53_1: 
D:\Soumil479\DNNs_On_FPGA\hardware_lenet\CustomDNN\solution1\.autopilot\db\conv2d_layer1.pp.0.cpp:21502:2: note: FIX-IT applied suggested code changes
D:\Soumil479\DNNs_On_FPGA\hardware_lenet\CustomDNN\solution1\.autopilot\db\conv2d_layer1.pp.0.cpp:21513:2: warning: Added loop label VITIS_LOOP_64_1:   [xilinx-label-all-loops]
 for (int i=0; i<I_;i++)
 ^~~
 VITIS_LOOP_64_1: 
D:\Soumil479\DNNs_On_FPGA\hardware_lenet\CustomDNN\solution1\.autopilot\db\conv2d_layer1.pp.0.cpp:21513:2: note: FIX-IT applied suggested code changes
D:\Soumil479\DNNs_On_FPGA\hardware_lenet\CustomDNN\solution1\.autopilot\db\conv2d_layer1.pp.0.cpp:21524:2: warning: Added loop label VITIS_LOOP_75_1:   [xilinx-label-all-loops]
 for (int i=0; i<I_;i++)
 ^~~
 VITIS_LOOP_75_1: 
D:\Soumil479\DNNs_On_FPGA\hardware_lenet\CustomDNN\solution1\.autopilot\db\conv2d_layer1.pp.0.cpp:21524:2: note: FIX-IT applied suggested code changes
D:\Soumil479\DNNs_On_FPGA\hardware_lenet\CustomDNN\solution1\.autopilot\db\conv2d_layer1.pp.0.cpp:21535:2: warning: Added loop label VITIS_LOOP_86_1:   [xilinx-label-all-loops]
 for (int i=0; i<W_;i++)
 ^~~
 VITIS_LOOP_86_1: 
D:\Soumil479\DNNs_On_FPGA\hardware_lenet\CustomDNN\solution1\.autopilot\db\conv2d_layer1.pp.0.cpp:21535:2: note: FIX-IT applied suggested code changes
D:\Soumil479\DNNs_On_FPGA\hardware_lenet\CustomDNN\solution1\.autopilot\db\conv2d_layer1.pp.0.cpp:21546:2: warning: Added loop label VITIS_LOOP_97_1:   [xilinx-label-all-loops]
 for (int i=0; i<W_;i++)
 ^~~
 VITIS_LOOP_97_1: 
D:\Soumil479\DNNs_On_FPGA\hardware_lenet\CustomDNN\solution1\.autopilot\db\conv2d_layer1.pp.0.cpp:21546:2: note: FIX-IT applied suggested code changes
D:\Soumil479\DNNs_On_FPGA\hardware_lenet\CustomDNN\solution1\.autopilot\db\conv2d_layer1.pp.0.cpp:21557:2: warning: Added loop label VITIS_LOOP_108_1:   [xilinx-label-all-loops]
 for (int i=0; i<I_;i++)
 ^~~
 VITIS_LOOP_108_1: 
D:\Soumil479\DNNs_On_FPGA\hardware_lenet\CustomDNN\solution1\.autopilot\db\conv2d_layer1.pp.0.cpp:21557:2: note: FIX-IT applied suggested code changes
D:\Soumil479\DNNs_On_FPGA\hardware_lenet\CustomDNN\solution1\.autopilot\db\conv2d_layer1.pp.0.cpp:21568:2: warning: Added loop label VITIS_LOOP_119_1:   [xilinx-label-all-loops]
 for (int i=0; i<I_;i++)
 ^~~
 VITIS_LOOP_119_1: 
D:\Soumil479\DNNs_On_FPGA\hardware_lenet\CustomDNN\solution1\.autopilot\db\conv2d_layer1.pp.0.cpp:21568:2: note: FIX-IT applied suggested code changes
D:\Soumil479\DNNs_On_FPGA\hardware_lenet\CustomDNN\solution1\.autopilot\db\conv2d_layer1.pp.0.cpp:23869:12: warning: Added loop label VITIS_LOOP_23_1:   [xilinx-label-all-loops]
           for(int i = 0; i < W_-1; ++i) {
           ^~~
           VITIS_LOOP_23_1: 
D:\Soumil479\DNNs_On_FPGA\hardware_lenet\CustomDNN\solution1\.autopilot\db\conv2d_layer1.pp.0.cpp:23869:12: note: FIX-IT applied suggested code changes
D:\Soumil479\DNNs_On_FPGA\hardware_lenet\CustomDNN\solution1\.autopilot\db\conv2d_layer1.pp.0.cpp:23933:7: warning: Added loop label VITIS_LOOP_66_1:   [xilinx-label-all-loops]
      for(int pos = msbr - 1 ; pos >= -F-1; pos--) {
      ^~~
      VITIS_LOOP_66_1: 
D:\Soumil479\DNNs_On_FPGA\hardware_lenet\CustomDNN\solution1\.autopilot\db\conv2d_layer1.pp.0.cpp:23933:7: note: FIX-IT applied suggested code changes
D:\Soumil479\DNNs_On_FPGA\hardware_lenet\CustomDNN\solution1\.autopilot\db\conv2d_layer1.pp.0.cpp:24050:9: warning: Added loop label VITIS_LOOP_75_1:   [xilinx-label-all-loops]
        for(int pos = msbr - 1; pos >= 0; pos--) {
        ^~~
        VITIS_LOOP_75_1: 
D:\Soumil479\DNNs_On_FPGA\hardware_lenet\CustomDNN\solution1\.autopilot\db\conv2d_layer1.pp.0.cpp:24050:9: note: FIX-IT applied suggested code changes
D:\Soumil479\DNNs_On_FPGA\hardware_lenet\CustomDNN\solution1\.autopilot\db\conv2d_layer1.pp.0.cpp:24075:5: warning: Added loop label VITIS_LOOP_107_2:   [xilinx-label-all-loops]
    for(int pos = -1; pos >= -F-1; pos--) {
    ^~~
    VITIS_LOOP_107_2: 
D:\Soumil479\DNNs_On_FPGA\hardware_lenet\CustomDNN\solution1\.autopilot\db\conv2d_layer1.pp.0.cpp:24075:5: note: FIX-IT applied suggested code changes
D:\Soumil479\DNNs_On_FPGA\hardware_lenet\CustomDNN\solution1\.autopilot\db\conv2d_layer1.pp.0.cpp:24145:8: warning: Added loop label VITIS_LOOP_195_3:   [xilinx-label-all-loops]
       for(int i = 0; i < W - 1; ++i) {
       ^~~
       VITIS_LOOP_195_3: 
D:\Soumil479\DNNs_On_FPGA\hardware_lenet\CustomDNN\solution1\.autopilot\db\conv2d_layer1.pp.0.cpp:24145:8: note: FIX-IT applied suggested code changes
D:\Soumil479\DNNs_On_FPGA\hardware_lenet\CustomDNN\solution1\.autopilot\db\conv2d_layer1.pp.0.cpp:27125:48: error: Invalid Directive: for current device, RAM_1P + bram is invalid combination for BIND_STORAGE's option 'type + impl' [clang-diagnostic-error]
#pragma HLS bind_storage variable=CONV1_W type=RAM_1P impl=bram
                                               ^
D:\Soumil479\DNNs_On_FPGA\hardware_lenet\CustomDNN\solution1\.autopilot\db\conv2d_layer1.pp.0.cpp:27126:48: error: Invalid Directive: for current device, ROM_1P + bram is invalid combination for BIND_STORAGE's option 'type + impl' [clang-diagnostic-error]
#pragma HLS bind_storage variable=CONV1_B type=ROM_1P impl=bram
                                               ^
